[0414/235034.074:INFO:CONSOLE(153)] "Event handler of 'x-storagemutated-1' event must be added on the initial evaluation of worker script.", source: https://static.whatsapp.net/rsrc.php/v4/yq/r/4Sysg9cXXLw.js (153)
[0414/235034.658:INFO:CONSOLE(0)] "Error with Permissions-Policy header: Feature xr-spatial-tracking's parameters are ignored.", source:  (0)
[0414/235034.658:INFO:CONSOLE(0)] "Error with Permissions-Policy header: Origin trial controlled feature not enabled: 'attribution-reporting'.", source:  (0)
[0414/235034.658:INFO:CONSOLE(0)] "Error with Permissions-Policy header: Unrecognized feature: 'compute-pressure'.", source:  (0)
[0414/235034.669:INFO:CONSOLE(0)] "Error with Permissions-Policy header: Origin trial controlled feature not enabled: 'interest-cohort'.", source:  (0)
[0414/235034.669:INFO:CONSOLE(0)] "Error with Permissions-Policy header: Unrecognized feature: 'private-state-token-issuance'.", source:  (0)
[0414/235034.669:INFO:CONSOLE(0)] "Error with Permissions-Policy header: Origin trial controlled feature not enabled: 'shared-storage'.", source:  (0)
[0414/235034.669:INFO:CONSOLE(0)] "Error with Permissions-Policy header: Unrecognized feature: 'shared-storage-select-url'.", source:  (0)
[0414/235034.669:INFO:CONSOLE(0)] "Error with Permissions-Policy header: Unrecognized feature: 'private-state-token-redemption'.", source:  (0)
[0414/235034.669:INFO:CONSOLE(0)] "Error with Permissions-Policy header: Unrecognized feature: 'unload'.", source:  (0)
[0414/235034.670:INFO:CONSOLE(0)] "Error with Permissions-Policy header: Unrecognized feature: 'window-management'.", source:  (0)
[0414/235037.140:INFO:CONSOLE(153)] "Event handler of 'x-storagemutated-1' event must be added on the initial evaluation of worker script.", source: https://static.whatsapp.net/rsrc.php/v4/yq/r/4Sysg9cXXLw.js (153)
[0414/235046.604:INFO:CONSOLE(0)] "Error with Permissions-Policy header: Feature xr-spatial-tracking's parameters are ignored.", source:  (0)
[0414/235046.604:INFO:CONSOLE(0)] "Error with Permissions-Policy header: Origin trial controlled feature not enabled: 'attribution-reporting'.", source:  (0)
[0414/235046.604:INFO:CONSOLE(0)] "Error with Permissions-Policy header: Unrecognized feature: 'compute-pressure'.", source:  (0)
[0414/235046.604:INFO:CONSOLE(0)] "Error with Permissions-Policy header: Origin trial controlled feature not enabled: 'interest-cohort'.", source:  (0)
[0414/235046.604:INFO:CONSOLE(0)] "Error with Permissions-Policy header: Unrecognized feature: 'private-state-token-issuance'.", source:  (0)
[0414/235046.604:INFO:CONSOLE(0)] "Error with Permissions-Policy header: Origin trial controlled feature not enabled: 'shared-storage'.", source:  (0)
[0414/235046.604:INFO:CONSOLE(0)] "Error with Permissions-Policy header: Unrecognized feature: 'shared-storage-select-url'.", source:  (0)
[0414/235046.604:INFO:CONSOLE(0)] "Error with Permissions-Policy header: Unrecognized feature: 'private-state-token-redemption'.", source:  (0)
[0414/235046.604:INFO:CONSOLE(0)] "Error with Permissions-Policy header: Unrecognized feature: 'unload'.", source:  (0)
[0414/235046.604:INFO:CONSOLE(0)] "Error with Permissions-Policy header: Unrecognized feature: 'window-management'.", source:  (0)
[0414/235047.196:ERROR:entry_impl.cc(1072)] No file for 8000000a
[0414/235047.197:ERROR:entry_impl.cc(1072)] No file for 8000000b
[0414/235047.207:ERROR:entry_impl.cc(1072)] No file for 8000000c
[0414/235047.207:ERROR:entry_impl.cc(1072)] No file for 8000000d
[0414/235047.212:ERROR:entry_impl.cc(1072)] No file for 8000000e
[0414/235047.214:ERROR:entry_impl.cc(1072)] No file for 8000000f
[0414/235047.214:ERROR:entry_impl.cc(1072)] No file for 80000010
[0414/235047.214:ERROR:entry_impl.cc(1072)] No file for 80000011
[0414/235047.216:ERROR:entry_impl.cc(1072)] No file for 80000012
[0414/235047.387:ERROR:entry_impl.cc(1072)] No file for 80000015
[0414/235047.403:ERROR:entry_impl.cc(1072)] No file for 80000014
